SOURCELONG:Moe Races	SOURCESHORT:AMR	SOURCEWEB:https://amoragame.com	SOURCEDATE:2011-01

# ==============================
# RACE ABILITIES
# ==============================
# ------------------------------
# Akaimimi
# ------------------------------

###Block: Racial Abilities
# Ability Name						Category of Ability	Define									Ability																									Source Page
Racial Traits ~ Akaimimi			CATEGORY:Internal																																				SOURCEPAGE:p.4
CATEGORY=Internal|Racial Traits ~ Akaimimi.MOD		DEFINE:Akaimimi_ReplaceAbilityScores|0		ABILITY:Akaimimi Racial Trait|AUTOMATIC|Akaimimi ~ Ability Scores|PREVAREQ:Akaimimi_ReplaceAbilityScores,0
CATEGORY=Internal|Racial Traits ~ Akaimimi.MOD		DEFINE:Akaimimi_ReplaceType|0				ABILITY:Akaimimi Racial Trait|AUTOMATIC|Akaimimi ~ Type|PREVAREQ:Akaimimi_ReplaceType,0
CATEGORY=Internal|Racial Traits ~ Akaimimi.MOD		DEFINE:Akaimimi_ReplaceSize|0				ABILITY:Akaimimi Racial Trait|AUTOMATIC|Akaimimi ~ Size|PREVAREQ:Akaimimi_ReplaceSize,0
CATEGORY=Internal|Racial Traits ~ Akaimimi.MOD		DEFINE:Akaimimi_ReplaceSpeed|0				ABILITY:Akaimimi Racial Trait|AUTOMATIC|Akaimimi ~ Speed|PREVAREQ:Akaimimi_ReplaceSpeed,0
CATEGORY=Internal|Racial Traits ~ Akaimimi.MOD		DEFINE:Akaimimi_ReplaceVision|0			ABILITY:Akaimimi Racial Trait|AUTOMATIC|Akaimimi ~ Vision|PREVAREQ:Akaimimi_ReplaceVision,0
CATEGORY=Internal|Racial Traits ~ Akaimimi.MOD		DEFINE:Akaimimi_ReplaceRacialSkills|0	ABILITY:Akaimimi Racial Trait|AUTOMATIC|Akaimimi ~ Racial Skills|PREVAREQ:Akaimimi_ReplaceRacialSkills,0
CATEGORY=Internal|Racial Traits ~ Akaimimi.MOD		DEFINE:Akaimimi_ReplaceRedPandaAffinity|0		ABILITY:Akaimimi Racial Trait|AUTOMATIC|Akaimimi ~ Red Panda Affinity|PREVAREQ:Akaimimi_ReplaceRedPandaAffinity,0
CATEGORY=Internal|Racial Traits ~ Akaimimi.MOD		DEFINE:Akaimimi_ReplaceInsightfulQuestion|0				ABILITY:Akaimimi Racial Trait|AUTOMATIC|Akaimimi ~ Insightful Question|PREVAREQ:Akaimimi_ReplaceInsightfulQuestion,0
CATEGORY=Internal|Racial Traits ~ Akaimimi.MOD		DEFINE:Akaimimi_ReplaceLanguages|0			ABILITY:Akaimimi Racial Trait|AUTOMATIC|Akaimimi ~ Languages|PREVAREQ:Akaimimi_ReplaceLanguages,0

###Block: Default Racial Traits
# Ability Name												Unique Key						Category of Ability				Type																													Description																																															Template/Auto Language/Ability/Combat bonus/Bonus to skill/Stat bonus/Weapon prof. bonus/Vision			Source Page				Aspects
+2 Constitution, +2 Wisdom								KEY:Akaimimi ~ Ability Scores	CATEGORY:Special Ability	TYPE:RacialTraits.Akaimimi Racial Trait.Racial Ability Scores														DESC:Akaimimi try to keep both their bodies and their spirits resilient and healthy.																																							BONUS:STAT|CON|2|TYPE=Racial	BONUS:STAT|WIS|2|TYPE=Racial						SOURCEPAGE:p.4
Akaimimi												KEY:Akaimimi ~ Type				CATEGORY:Special Ability	TYPE:RacialTraits.Akaimimi Racial Trait.Akaimimi Racial Default.Racial Type											DESC:Akaimimis are humanoids with the Kemonomimi subtype.																																																								SOURCEPAGE:p.4
Medium													KEY:Akaimimi ~ Size				CATEGORY:Special Ability	TYPE:RacialTraits.Akaimimi Racial Trait.Akaimimi Racial Default.Racial Size											DESC:Akaimimis are Medium creatures and have no bonuses or penalties due to their size.																																																	SOURCEPAGE:p.4
Normal Speed											KEY:Akaimimi ~ Speed			CATEGORY:Special Ability	TYPE:RacialTraits.Akaimimi Racial Trait.Akaimimi Racial Default.Racial Speed										DESC:Akaimimis have a base speed of 30 feet.																																																											SOURCEPAGE:p.4
Low-Light Vision										KEY:Akaimimi ~ Vision			CATEGORY:Special Ability	TYPE:RacialTraits.Akaimimi Racial Trait.Akaimimi Racial Default.SpecialQuality.Extraordinary.Racial Vision.Vision	DESC:Akaimimis can see twice as far as humans in conditions of dim light.																															VISION:Low-Light Vision																SOURCEPAGE:p.4			ASPECT:Vision|Low-Light Vision
Racial Skills											KEY:Akaimimi ~ Racial Skills	CATEGORY:Special Ability	TYPE:RacialTraits.Akaimimi Racial Trait.Akaimimi Racial Default.SpecialQuality										DESC:Akaimimi have a +2 racial bonus to Knowledge checks.  They are sagacious folk, with great respect for learning.												BONUS:SKILL|TYPE.Knowledge|2|TYPE=Racial			SOURCEPAGE:p.4
Red Panda Affinity											KEY:Akaimimi ~ Red Panda Affinity		CATEGORY:Special Ability	TYPE:RacialTraits.Akaimimi Racial Trait.Akaimimi Racial Default.SpecialQuality										DESC:Akaimimi have a +4 racial bonus to Handle Animal and wild empathy checks made to interact with red pandas and similar beasts.  All kemonomimi have affinity for their animal kin.					BONUS:SITUATION|Handle Animal=red pandas and similar beasts|4|TYPE=Racial					SOURCEPAGE:p.4
#Divination is currently broken
Insightful Question										KEY:Akaimimi ~ Insightful Question	CATEGORY:Special Ability	TYPE:RacialTraits.Akaimimi Racial Trait.Akaimimi Racial Default.SpecialQuality										DESC:Akaimimi often use their intuation to reach answers to their question.  They can use augury once per day as a spell-like ability.  Akaimimi with ki pool can spend two ki points to use it additional times per day.  After reaching 10th level, akaimimi can also use divination once per week.		SPELLS:Innate|TIMES=1|CASTERLEVEL=(max(TL,1))|Augury		SPELLS:Innate|TIMES=1|TIMEUNIT=Week|CASTERLEVEL(max(TL,1))|PRELEVEL:MIN=10|Divination																																																							SOURCEPAGE:p.4
Languages												KEY:Akaimimi ~ Languages		CATEGORY:Special Ability	TYPE:RacialTraits.Akaimimi Racial Trait.Akaimimi Racial Default.Racial Language										DESC:Kemonomimi begin playing speaking Common and Sylvan.  Kemonomimi with high Intelligence scores can choose from the following languages: Catfolk, Celestial, Giant, Goblin, Tengu, and Vanara.		TEMPLATE:Race Bonus Language ~ Catfolk|Race Bonus Language ~ Celestial|Race Bonus Language ~ Giant|Race Bonus Language ~ Goblin|Race Bonus Language ~ Tengu|Race Bonus Language ~ Vanaran		AUTO:LANG|Common|Sylvan	SOURCEPAGE:p.5

# ------------------------------
# Araiguma
# ------------------------------

###Block: Racial Abilities
# Ability Name						Category of Ability	Define									Ability																									Source Page
Racial Traits ~ Araiguma			CATEGORY:Internal																																				SOURCEPAGE:p.5
CATEGORY=Internal|Racial Traits ~ Araiguma.MOD		DEFINE:Araiguma_ReplaceAbilityScores|0		ABILITY:Araiguma Racial Trait|AUTOMATIC|Araiguma ~ Ability Scores|PREVAREQ:Araiguma_ReplaceAbilityScores,0
CATEGORY=Internal|Racial Traits ~ Araiguma.MOD		DEFINE:Araiguma_ReplaceType|0				ABILITY:Araiguma Racial Trait|AUTOMATIC|Araiguma ~ Type|PREVAREQ:Araiguma_ReplaceType,0
CATEGORY=Internal|Racial Traits ~ Araiguma.MOD		DEFINE:Araiguma_ReplaceSize|0				ABILITY:Araiguma Racial Trait|AUTOMATIC|Araiguma ~ Size|PREVAREQ:Araiguma_ReplaceSize,0
CATEGORY=Internal|Racial Traits ~ Araiguma.MOD		DEFINE:Araiguma_ReplaceSpeed|0				ABILITY:Araiguma Racial Trait|AUTOMATIC|Araiguma ~ Speed|PREVAREQ:Araiguma_ReplaceSpeed,0
CATEGORY=Internal|Racial Traits ~ Araiguma.MOD		DEFINE:Araiguma_ReplaceVision|0			ABILITY:Araiguma Racial Trait|AUTOMATIC|Araiguma ~ Vision|PREVAREQ:Araiguma_ReplaceVision,0
CATEGORY=Internal|Racial Traits ~ Araiguma.MOD		DEFINE:Araiguma_ReplaceRacialSkills|0	ABILITY:Araiguma Racial Trait|AUTOMATIC|Araiguma ~ Racial Skills|PREVAREQ:Araiguma_ReplaceRacialSkills,0
CATEGORY=Internal|Racial Traits ~ Araiguma.MOD		DEFINE:Araiguma_ReplaceCoonAffinity|0		ABILITY:Araiguma Racial Trait|AUTOMATIC|Araiguma ~ Coon Affinity|PREVAREQ:Araiguma_ReplaceCoonAffinity,0
CATEGORY=Internal|Racial Traits ~ Araiguma.MOD		DEFINE:Araiguma_ReplaceDowsing|0				ABILITY:Araiguma Racial Trait|AUTOMATIC|Araiguma ~ Dowsing|PREVAREQ:Araiguma_ReplaceDowsing,0
CATEGORY=Internal|Racial Traits ~ Araiguma.MOD		DEFINE:Araiguma_ReplaceLanguages|0			ABILITY:Araiguma Racial Trait|AUTOMATIC|Araiguma ~ Languages|PREVAREQ:Araiguma_ReplaceLanguages,0

###Block: Default Racial Traits
# Ability Name												Unique Key						Category of Ability				Type																													Description																																															Template/Auto Language/Ability/Combat bonus/Bonus to skill/Stat bonus/Weapon prof. bonus/Vision			Source Page				Aspects
+2 Constitution, +2 Intelligence								KEY:Araiguma ~ Ability Scores	CATEGORY:Special Ability	TYPE:RacialTraits.Araiguma Racial Trait.Racial Ability Scores														DESC:Araiguma are very hardy and very cunning																																							BONUS:STAT|CON|2|TYPE=Racial	BONUS:STAT|INT|2|TYPE=Racial						SOURCEPAGE:p.5
Araiguma												KEY:Araiguma ~ Type				CATEGORY:Special Ability	TYPE:RacialTraits.Araiguma Racial Trait.Araiguma Racial Default.Racial Type											DESC:Araigumas are humanoids with the Kemonomimi subtype.																																																								SOURCEPAGE:p.4
Medium													KEY:Araiguma ~ Size				CATEGORY:Special Ability	TYPE:RacialTraits.Araiguma Racial Trait.Araiguma Racial Default.Racial Size											DESC:Araigumas are Medium creatures and have no bonuses or penalties due to their size.																																																	SOURCEPAGE:p.4
Normal Speed											KEY:Araiguma ~ Speed			CATEGORY:Special Ability	TYPE:RacialTraits.Araiguma Racial Trait.Araiguma Racial Default.Racial Speed										DESC:Araigumas have a base speed of 30 feet.																																																											SOURCEPAGE:p.4
Low-Light Vision										KEY:Araiguma ~ Vision			CATEGORY:Special Ability	TYPE:RacialTraits.Araiguma Racial Trait.Araiguma Racial Default.SpecialQuality.Extraordinary.Racial Vision.Vision	DESC:Araigumas can see twice as far as humans in conditions of dim light.																															VISION:Low-Light Vision																SOURCEPAGE:p.4			ASPECT:Vision|Low-Light Vision
Racial Skills											KEY:Araiguma ~ Racial Skills	CATEGORY:Special Ability	TYPE:RacialTraits.Araiguma Racial Trait.Araiguma Racial Default.SpecialQuality										DESC:Araiguma have a +2 racial bonus Disable Device and Sleight of Hand checks.  They're much sneakier and mechanically inclined than their chubby bodies would suggest.												BONUS:SKILL|Disable Device|2|TYPE=Racial		BONUS:SKILL|Sleight Of Hand|2|TYPE=Racial			SOURCEPAGE:p.5
Coon Affinity											KEY:Araiguma ~ Coon Affinity		CATEGORY:Special Ability	TYPE:RacialTraits.Araiguma Racial Trait.Araiguma Racial Default.SpecialQuality										DESC:Araiguma have a +4 racial bonus to Handle Animal and wild empathy checks made to interact with racoons and other similar Small or smaller omnivorous animals.  All kemonomimi have affinity for their animal kin.					BONUS:SITUATION|Handle Animal=racoons and small omnivores|4|TYPE=Racial					SOURCEPAGE:p.5
Dowsing										KEY:Araiguma ~ Dowsing	CATEGORY:Special Ability	TYPE:RacialTraits.Araiguma Racial Trait.Araiguma Racial Default.SpecialQuality										DESC:Araiguma seem to have a certain degree of affinity for fresh water.  They can sense the presence of the nearest source of fresh water such as a spring, a stram, a pond, a lake, or a well as if using a locate object spell, though they must concentrate to maintain the effect.  An araiguma can purify food (but not water) as if using purify food and water by washing it in running water.																																																							SOURCEPAGE:p.5
Languages												KEY:Araiguma ~ Languages		CATEGORY:Special Ability	TYPE:RacialTraits.Araiguma Racial Trait.Araiguma Racial Default.Racial Language										DESC:Kemonomimi begin playing speaking Common and Sylvan.  Kemonomimi with high Intelligence scores can choose from the following languages: Catfolk, Celestial, Giant, Goblin, Tengu, and Vanara.		TEMPLATE:Race Bonus Language ~ Catfolk|Race Bonus Language ~ Celestial|Race Bonus Language ~ Giant|Race Bonus Language ~ Goblin|Race Bonus Language ~ Tengu|Race Bonus Language ~ Vanaran		AUTO:LANG|Common|Sylvan	SOURCEPAGE:p.5


# ------------------------------
# Nekomimi
# ------------------------------

###Block: Racial Abilities
# Ability Name						Category of Ability	Define									Ability																									Source Page
Racial Traits ~ Nekomimi			CATEGORY:Internal																																				SOURCEPAGE:p.8
CATEGORY=Internal|Racial Traits ~ Nekomimi.MOD		DEFINE:Nekomimi_ReplaceAbilityScores|0		ABILITY:Nekomimi Racial Trait|AUTOMATIC|Nekomimi ~ Ability Scores|PREVAREQ:Nekomimi_ReplaceAbilityScores,0
CATEGORY=Internal|Racial Traits ~ Nekomimi.MOD		DEFINE:Nekomimi_ReplaceType|0				ABILITY:Nekomimi Racial Trait|AUTOMATIC|Nekomimi ~ Type|PREVAREQ:Nekomimi_ReplaceType,0
CATEGORY=Internal|Racial Traits ~ Nekomimi.MOD		DEFINE:Nekomimi_ReplaceSize|0				ABILITY:Nekomimi Racial Trait|AUTOMATIC|Nekomimi ~ Size|PREVAREQ:Nekomimi_ReplaceSize,0
CATEGORY=Internal|Racial Traits ~ Nekomimi.MOD		DEFINE:Nekomimi_ReplaceSpeed|0				ABILITY:Nekomimi Racial Trait|AUTOMATIC|Nekomimi ~ Speed|PREVAREQ:Nekomimi_ReplaceSpeed,0
CATEGORY=Internal|Racial Traits ~ Nekomimi.MOD		DEFINE:Nekomimi_ReplaceVision|0			ABILITY:Nekomimi Racial Trait|AUTOMATIC|Nekomimi ~ Vision|PREVAREQ:Nekomimi_ReplaceVision,0
CATEGORY=Internal|Racial Traits ~ Nekomimi.MOD		DEFINE:Nekomimi_ReplaceRacialSkills|0	ABILITY:Nekomimi Racial Trait|AUTOMATIC|Nekomimi ~ Racial Skills|PREVAREQ:Nekomimi_ReplaceRacialSkills,0
CATEGORY=Internal|Racial Traits ~ Nekomimi.MOD		DEFINE:Nekomimi_ReplaceCatAffinity|0		ABILITY:Nekomimi Racial Trait|AUTOMATIC|Nekomimi ~ Cat Affinity|PREVAREQ:Nekomimi_ReplaceCatAffinity,0
CATEGORY=Internal|Racial Traits ~ Nekomimi.MOD		DEFINE:Nekomimi_ReplaceFortuneFavored|0				ABILITY:Nekomimi Racial Trait|AUTOMATIC|Nekomimi ~ Fortune Favored|PREVAREQ:Nekomimi_ReplaceFortuneFavored,0
CATEGORY=Internal|Racial Traits ~ Nekomimi.MOD		DEFINE:Nekomimi_ReplaceLanguages|0			ABILITY:Nekomimi Racial Trait|AUTOMATIC|Nekomimi ~ Languages|PREVAREQ:Nekomimi_ReplaceLanguages,0

###Block: Default Racial Traits
# Ability Name												Unique Key						Category of Ability				Type																													Description																																															Template/Auto Language/Ability/Combat bonus/Bonus to skill/Stat bonus/Weapon prof. bonus/Vision			Source Page				Aspects
+2 Dexterity, +2 Charisma								KEY:Nekomimi ~ Ability Scores	CATEGORY:Special Ability	TYPE:RacialTraits.Nekomimi Racial Trait.Racial Ability Scores														DESC:Nekomimi are agile and very charming.																																							BONUS:STAT|DEX|2|TYPE=Racial	BONUS:STAT|CHA|2|TYPE=Racial						SOURCEPAGE:p.8
Nekomimi												KEY:Nekomimi ~ Type				CATEGORY:Special Ability	TYPE:RacialTraits.Nekomimi Racial Trait.Nekomimi Racial Default.Racial Type											DESC:Nekomimis are humanoids with the Kemonomimi subtype.																																																								SOURCEPAGE:p.8
Medium													KEY:Nekomimi ~ Size				CATEGORY:Special Ability	TYPE:RacialTraits.Nekomimi Racial Trait.Nekomimi Racial Default.Racial Size											DESC:Nekomimis are Medium creatures and have no bonuses or penalties due to their size.																																																	SOURCEPAGE:p.8
Normal Speed											KEY:Nekomimi ~ Speed			CATEGORY:Special Ability	TYPE:RacialTraits.Nekomimi Racial Trait.Nekomimi Racial Default.Racial Speed										DESC:Nekomimis have a base speed of 30 feet.																																																											SOURCEPAGE:p.8
Low-Light Vision										KEY:Nekomimi ~ Vision			CATEGORY:Special Ability	TYPE:RacialTraits.Nekomimi Racial Trait.Nekomimi Racial Default.SpecialQuality.Extraordinary.Racial Vision.Vision	DESC:Nekomimis can see twice as far as humans in conditions of dim light.																															VISION:Low-Light Vision																SOURCEPAGE:p.8			ASPECT:Vision|Low-Light Vision
Racial Skills											KEY:Nekomimi ~ Racial Skills	CATEGORY:Special Ability	TYPE:RacialTraits.Nekomimi Racial Trait.Nekomimi Racial Default.SpecialQuality										DESC:Nekomimi have a +2 racial bonus to Climb and Perception checks.  They learn to climb almost as soon as they can walk, and they have keen senses.												BONUS:SKILL|Climb|2|TYPE=Racial		BONUS:SKILL|Perception|2|TYPE=Racial			SOURCEPAGE:p.8
Cat Affinity											KEY:Nekomimi ~ Cat Affinity		CATEGORY:Special Ability	TYPE:RacialTraits.Nekomimi Racial Trait.Nekomimi Racial Default.SpecialQuality										DESC:Nekomimi have a +4 racial bonus to Handle Animal and wild empathy checks made to interact with cats and cat-like beasts.  All kemonomimi have affinity for their animal kin.					BONUS:SITUATION|Handle Animal=cat and cat-like beasts|4|TYPE=Racial					SOURCEPAGE:p.8
Fortune's Favored										KEY:Nekomimi ~ Fortune Favored	CATEGORY:Special Ability	TYPE:RacialTraits.Nekomimi Racial Trait.Nekomimi Racial Default.SpecialQuality										DESC:Nekomimi can reroll a single dice roll once per day.																																																								SOURCEPAGE:p.8
Languages												KEY:Nekomimi ~ Languages		CATEGORY:Special Ability	TYPE:RacialTraits.Nekomimi Racial Trait.Nekomimi Racial Default.Racial Language										DESC:Kemonomimi begin playing speaking Common and Sylvan.  Kemonomimi with high Intelligence scores can choose from the following languages: Catfolk, Celestial, Giant, Goblin, Tengu, and Vanara.		TEMPLATE:Race Bonus Language ~ Catfolk|Race Bonus Language ~ Celestial|Race Bonus Language ~ Giant|Race Bonus Language ~ Goblin|Race Bonus Language ~ Tengu|Race Bonus Language ~ Vanaran		AUTO:LANG|Common|Sylvan	SOURCEPAGE:p.8